<?xml version="1.0" encoding="UTF-8"?>
<!-- Generated by org.testng.reporters.JUnitReportReporter -->
<testsuite hostname="Siva_Sainath" failures="0" tests="1" name="runner.TestRunner" time="11.413" errors="0" timestamp="2025-03-12T10:35:55 IST" skipped="0">
  <testcase classname="runner.TestRunner" name="runScenario" time="11.413"/>
  <system-out/>
</testsuite> <!-- runner.TestRunner -->
