<?xml version="1.0" encoding="UTF-8"?>
<!-- Generated by org.testng.reporters.JUnitReportReporter -->
<testsuite hostname="Siva_Sainath" failures="0" tests="1" name="runner.TestRunner" time="16.578" errors="0" timestamp="2025-03-12T08:52:51 IST" skipped="0">
  <testcase classname="runner.TestRunner" name="runScenario" time="16.578"/>
  <system-out/>
</testsuite> <!-- runner.TestRunner -->
